Determining if the pthread_create exist failed with the following output:
Change Dir: /home/andrei/Finalproyect/build/CMakeFiles/CMakeTmp

Run Build Command:/usr/bin/make "cmTryCompileExec1511967885/fast"
/usr/bin/make -f CMakeFiles/cmTryCompileExec1511967885.dir/build.make CMakeFiles/cmTryCompileExec1511967885.dir/build
make[1]: se ingresa al directorio «/home/andrei/Finalproyect/build/CMakeFiles/CMakeTmp»
/usr/bin/cmake -E cmake_progress_report /home/andrei/Finalproyect/build/CMakeFiles/CMakeTmp/CMakeFiles 1
Building C object CMakeFiles/cmTryCompileExec1511967885.dir/CheckSymbolExists.c.o
/usr/lib/ccache/cc    -o CMakeFiles/cmTryCompileExec1511967885.dir/CheckSymbolExists.c.o   -c /home/andrei/Finalproyect/build/CMakeFiles/CMakeTmp/CheckSymbolExists.c
Linking C executable cmTryCompileExec1511967885
/usr/bin/cmake -E cmake_link_script CMakeFiles/cmTryCompileExec1511967885.dir/link.txt --verbose=1
/usr/lib/ccache/cc       CMakeFiles/cmTryCompileExec1511967885.dir/CheckSymbolExists.c.o  -o cmTryCompileExec1511967885 -rdynamic 
CMakeFiles/cmTryCompileExec1511967885.dir/CheckSymbolExists.c.o: En la función `main':
CheckSymbolExists.c:(.text+0x16): referencia a `pthread_create' sin definir
collect2: error: ld returned 1 exit status
make[1]: se sale del directorio «/home/andrei/Finalproyect/build/CMakeFiles/CMakeTmp»
make[1]: *** [cmTryCompileExec1511967885] Error 1
make: *** [cmTryCompileExec1511967885/fast] Error 2

File /home/andrei/Finalproyect/build/CMakeFiles/CMakeTmp/CheckSymbolExists.c:
/* */
#include <pthread.h>

int main(int argc, char** argv)
{
  (void)argv;
#ifndef pthread_create
  return ((int*)(&pthread_create))[argc];
#else
  (void)argc;
  return 0;
#endif
}

Determining if the function pthread_create exists in the pthreads failed with the following output:
Change Dir: /home/andrei/Finalproyect/build/CMakeFiles/CMakeTmp

Run Build Command:/usr/bin/make "cmTryCompileExec3125726619/fast"
/usr/bin/make -f CMakeFiles/cmTryCompileExec3125726619.dir/build.make CMakeFiles/cmTryCompileExec3125726619.dir/build
make[1]: se ingresa al directorio «/home/andrei/Finalproyect/build/CMakeFiles/CMakeTmp»
/usr/bin/cmake -E cmake_progress_report /home/andrei/Finalproyect/build/CMakeFiles/CMakeTmp/CMakeFiles 1
Building C object CMakeFiles/cmTryCompileExec3125726619.dir/CheckFunctionExists.c.o
/usr/lib/ccache/cc   -DCHECK_FUNCTION_EXISTS=pthread_create   -o CMakeFiles/cmTryCompileExec3125726619.dir/CheckFunctionExists.c.o   -c /usr/share/cmake-2.8/Modules/CheckFunctionExists.c
Linking C executable cmTryCompileExec3125726619
/usr/bin/cmake -E cmake_link_script CMakeFiles/cmTryCompileExec3125726619.dir/link.txt --verbose=1
/usr/lib/ccache/cc   -DCHECK_FUNCTION_EXISTS=pthread_create    CMakeFiles/cmTryCompileExec3125726619.dir/CheckFunctionExists.c.o  -o cmTryCompileExec3125726619 -rdynamic -lpthreads 
/usr/bin/ld: no se puede encontrar -lpthreads
collect2: error: ld returned 1 exit status
make[1]: se sale del directorio «/home/andrei/Finalproyect/build/CMakeFiles/CMakeTmp»
make[1]: *** [cmTryCompileExec3125726619] Error 1
make: *** [cmTryCompileExec3125726619/fast] Error 2


